DEBUG:root:This is a debug log.
INFO:root:This is a info log.
WARNING:root:This is a warning log.
ERROR:root:This is a error log.
CRITICAL:root:This is a critical log.
DEBUG:root:This is a debug log.
INFO:root:This is a info log.
WARNING:root:This is a warning log.
ERROR:root:This is a error log.
CRITICAL:root:This is a critical log.
2018-12-20 13:57:54,039=====DEBUG+++++This is a debug log.
2018-12-20 13:57:54,040=====INFO+++++This is a info log.
2018-12-20 13:57:54,040=====WARNING+++++This is a warning log.
2018-12-20 13:57:54,040=====ERROR+++++This is a error log.
2018-12-20 13:57:54,040=====CRITICAL+++++This is a critical log.
2018-12-20 13:57:54,040=====DEBUG+++++This is a debug log.
2018-12-20 13:57:54,040=====INFO+++++This is a info log.
2018-12-20 13:57:54,040=====WARNING+++++This is a warning log.
2018-12-20 13:57:54,040=====ERROR+++++This is a error log.
2018-12-20 13:57:54,040=====CRITICAL+++++This is a critical log.
